[debug] [2023-09-08T18:14:32.745Z] ----------------------------------------------------------------------
[debug] [2023-09-08T18:14:32.746Z] Command:       T:\Program Files (x86)\node.exe C:\Users\dezla\AppData\Roaming\npm\node_modules\firebase-tools\lib\bin\firebase.js init hosting:github
[debug] [2023-09-08T18:14:32.747Z] CLI Version:   12.5.2
[debug] [2023-09-08T18:14:32.747Z] Platform:      win32
[debug] [2023-09-08T18:14:32.747Z] Node Version:  v18.16.1
[debug] [2023-09-08T18:14:32.748Z] Time:          Fri Sep 08 2023 14:14:32 GMT-0400 (Eastern Daylight Time)
[debug] [2023-09-08T18:14:32.748Z] ----------------------------------------------------------------------
[debug] 
[debug] [2023-09-08T18:14:32.814Z] > command requires scopes: ["email","openid","https://www.googleapis.com/auth/cloudplatformprojects.readonly","https://www.googleapis.com/auth/firebase","https://www.googleapis.com/auth/cloud-platform"]
[debug] [2023-09-08T18:14:32.818Z] > authorizing via signed-in user (dezlaleman@gmail.com)
[info] 
     ######## #### ########  ######## ########     ###     ######  ########
     ##        ##  ##     ## ##       ##     ##  ##   ##  ##       ##
     ######    ##  ########  ######   ########  #########  ######  ######
     ##        ##  ##    ##  ##       ##     ## ##     ##       ## ##
     ##       #### ##     ## ######## ########  ##     ##  ######  ########

You're about to initialize a Firebase project in this directory:

  C:\Users\dezla\Desktop\Grand Circus Projects\Unit-9\shoutouts\fontend

Before we get started, keep in mind:

  * You are initializing within an existing Firebase project directory

[info] 
=== Project Setup
[info] 
[info] First, let's associate this project directory with a Firebase project.
[info] You can create multiple project aliases by running firebase use --add, 
[info] but for now we'll just set up a default project.
[info] 
[debug] [2023-09-08T18:14:42.686Z] Using project from CLI flag: shoutouts-428a5
[debug] [2023-09-08T18:14:42.687Z] > refreshing access token with scopes: []
[debug] [2023-09-08T18:14:42.689Z] >>> [apiv2][query] POST https://www.googleapis.com/oauth2/v3/token [none]
[debug] [2023-09-08T18:14:42.689Z] >>> [apiv2][body] POST https://www.googleapis.com/oauth2/v3/token [omitted]
[debug] [2023-09-08T18:14:44.501Z] <<< [apiv2][status] POST https://www.googleapis.com/oauth2/v3/token 200
[debug] [2023-09-08T18:14:44.501Z] <<< [apiv2][body] POST https://www.googleapis.com/oauth2/v3/token [omitted]
[debug] [2023-09-08T18:14:44.509Z] >>> [apiv2][query] GET https://firebase.googleapis.com/v1beta1/projects/shoutouts-428a5 [none]
[debug] [2023-09-08T18:14:44.745Z] <<< [apiv2][status] GET https://firebase.googleapis.com/v1beta1/projects/shoutouts-428a5 200
[debug] [2023-09-08T18:14:44.745Z] <<< [apiv2][body] GET https://firebase.googleapis.com/v1beta1/projects/shoutouts-428a5 {"projectId":"shoutouts-428a5","projectNumber":"399563963573","displayName":"shoutouts","name":"projects/shoutouts-428a5","resources":{"hostingSite":"shoutouts-428a5"},"state":"ACTIVE","etag":"1_d5a84245-ff99-4911-a2df-ac1c62c4b7e2"}
[info] i  Using project shoutouts-428a5 (shoutouts) 
[info] 
=== Hosting:github Setup
[info] 
[info] i  Detected a .git folder at C:\Users\dezla\Desktop\Grand Circus Projects\Unit-9\shoutouts\fontend 
[info] i  Authorizing with GitHub to upload your service account to a GitHub repository's secrets store. 
[info] 
[info] Visit this URL on this device to log in:
[info] https://github.com/login/oauth/authorize?client_id=89cf50f02ac6aaed3484&state=765349992&redirect_uri=http%3A%2F%2Flocalhost%3A9005&scope=read%3Auser%20repo%20public_repo
[info] 
[info] Waiting for authentication...
